COVERGROUP COVERAGE:
-----------------------------------------------------------------------------------------------
Covergroup                                             Metric       Goal    Status               
                                                                                              
-----------------------------------------------------------------------------------------------
 TYPE /tb_sv_unit/cg_fsm_ctrl                           81.2%        100    Uncovered            
    covered/total bins:                                    15         24                      
    missing/total bins:                                     9         24                      
    % Hit:                                              62.5%        100                      
    Coverpoint cg_fsm_ctrl::cp_ps                      100.0%        100    Covered              
        covered/total bins:                                 4          4                      
        missing/total bins:                                 0          4                      
        % Hit:                                         100.0%        100                      
    Coverpoint cg_fsm_ctrl::cp_ns                      100.0%        100    Covered              
        covered/total bins:                                 4          4                      
        missing/total bins:                                 0          4                      
        % Hit:                                         100.0%        100                      
    Cross cg_fsm_ctrl::cp_pns                           43.7%        100    Uncovered            
        covered/total bins:                                 7         16                      
        missing/total bins:                                 9         16                      
        % Hit:                                          43.7%        100                      
 Covergroup instance \/tb/cgi_fsm_ctrl                  81.2%        100    Uncovered            
    covered/total bins:                                    15         24                      
    missing/total bins:                                     9         24                      
    % Hit:                                              62.5%        100                      
    Coverpoint cp_ps                                   100.0%        100    Covered              
        covered/total bins:                                 4          4                      
        missing/total bins:                                 0          4                      
        % Hit:                                         100.0%        100                      
        bin auto[TEST]                                   2489          1    Covered              
        bin auto[SWAP]                                     94          1    Covered              
        bin auto[SUBT]                                   2466          1    Covered              
        bin auto[DONE]                                     73          1    Covered              
    Coverpoint cp_ns                                   100.0%        100    Covered              
        covered/total bins:                                 4          4                      
        missing/total bins:                                 0          4                      
        % Hit:                                         100.0%        100                      
        bin auto[TEST]                                   2489          1    Covered              
        bin auto[SWAP]                                     94          1    Covered              
        bin auto[SUBT]                                   2466          1    Covered              
        bin auto[DONE]                                     73          1    Covered              
    Cross cp_pns                                        43.7%        100    Uncovered            
        covered/total bins:                                 7         16                      
        missing/total bins:                                 9         16                      
        % Hit:                                          43.7%        100                      
        bin <auto[SUBT],auto[TEST]>                      2466          1    Covered              
        bin <auto[DONE],auto[TEST]>                        23          1    Covered              
        bin <auto[TEST],auto[SWAP]>                        94          1    Covered              
        bin <auto[TEST],auto[SUBT]>                      2372          1    Covered              
        bin <auto[SWAP],auto[SUBT]>                        94          1    Covered              
        bin <auto[TEST],auto[DONE]>                        23          1    Covered              
        bin <auto[DONE],auto[DONE]>                        50          1    Covered              
        bin <auto[TEST],auto[TEST]>                         0          1    ZERO                 
        bin <auto[SWAP],auto[TEST]>                         0          1    ZERO                 
        bin <auto[SWAP],auto[SWAP]>                         0          1    ZERO                 
        bin <auto[SUBT],auto[SWAP]>                         0          1    ZERO                 
        bin <auto[DONE],auto[SWAP]>                         0          1    ZERO                 
        bin <auto[SUBT],auto[SUBT]>                         0          1    ZERO                 
        bin <auto[DONE],auto[SUBT]>                         0          1    ZERO                 
        bin <auto[SWAP],auto[DONE]>                         0          1    ZERO                 
        bin <auto[SUBT],auto[DONE]>                         0          1    ZERO                 
 TYPE /tb_sv_unit/cg_out                               100.0%        100    Covered              
    covered/total bins:                                     6          6                      
    missing/total bins:                                     0          6                      
    % Hit:                                             100.0%        100                      
    Coverpoint cg_out::cp_result                       100.0%        100    Covered              
        covered/total bins:                                 4          4                      
        missing/total bins:                                 0          4                      
        % Hit:                                         100.0%        100                      
    Coverpoint cg_out::cp_done                         100.0%        100    Covered              
        covered/total bins:                                 2          2                      
        missing/total bins:                                 0          2                      
        % Hit:                                         100.0%        100                      
 Covergroup instance \/tb/cgi_out                      100.0%        100    Covered              
    covered/total bins:                                     6          6                      
    missing/total bins:                                     0          6                      
    % Hit:                                             100.0%        100                      
    Coverpoint cp_result                               100.0%        100    Covered              
        covered/total bins:                                 4          4                      
        missing/total bins:                                 0          4                      
        % Hit:                                         100.0%        100                      
        bin bin1                                         1639          1    Covered              
        bin bin2                                           83          1    Covered              
        bin bin3                                           12          1    Covered              
        bin bin4                                            7          1    Covered              
    Coverpoint cp_done                                 100.0%        100    Covered              
        covered/total bins:                                 2          2                      
        missing/total bins:                                 0          2                      
        % Hit:                                         100.0%        100                      
        bin auto[0]                                      5099          1    Covered              
        bin auto[1]                                        23          1    Covered              
 TYPE /tb_sv_unit/cg_fsmtrans                          100.0%        100    Covered              
    covered/total bins:                                     4          4                      
    missing/total bins:                                     0          4                      
    % Hit:                                             100.0%        100                      
    Coverpoint cg_fsmtrans::cp_trans                   100.0%        100    Covered              
        covered/total bins:                                 4          4                      
        missing/total bins:                                 0          4                      
        % Hit:                                         100.0%        100                      
 Covergroup instance \/tb/cgi_fsmtrans                 100.0%        100    Covered              
    covered/total bins:                                     4          4                      
    missing/total bins:                                     0          4                      
    % Hit:                                             100.0%        100                      
    Coverpoint cp_trans                                100.0%        100    Covered              
        covered/total bins:                                 4          4                      
        missing/total bins:                                 0          4                      
        % Hit:                                         100.0%        100                      
        illegal_bin bad_trans                               0               ZERO                 
        bin auto[TEST]                                   2489          1    Covered              
        bin auto[SWAP]                                     94          1    Covered              
        bin auto[SUBT]                                   2466          1    Covered              
        bin auto[DONE]                                     73          1    Covered              

TOTAL COVERGROUP COVERAGE: 93.7%  COVERGROUP TYPES: 3
